2024-10-28 13:26:40,142 DEBUG    root            Loaded Command Group: ['gcloud', 'components']
2024-10-28 13:26:40,145 DEBUG    root            Loaded Command Group: ['gcloud', 'components', 'update']
2024-10-28 13:26:40,148 DEBUG    root            Running [gcloud.components.update] with arguments: [--quiet: "True", COMPONENT-IDS:8: "['gcloud', 'core', 'bq', 'gsutil', 'compute', 'preview', 'alpha', 'beta']"]
2024-10-28 13:26:40,149 INFO     ___FILE_ONLY___ Beginning update. This process may take several minutes.

2024-10-28 13:26:40,160 DEBUG    urllib3.connectionpool Starting new HTTPS connection (1): dl.google.com:443
2024-10-28 13:26:40,223 DEBUG    urllib3.connectionpool https://dl.google.com:443 "GET /dl/cloudsdk/channels/rapid/components-2.json HTTP/1.1" 200 226997
2024-10-28 13:26:40,244 WARNING  root            Component [compute] no longer exists.
2024-10-28 13:26:40,245 WARNING  root            Component [preview] no longer exists.
2024-10-28 13:26:40,246 INFO     ___FILE_ONLY___ 

2024-10-28 13:26:40,246 INFO     ___FILE_ONLY___ 
Your current Google Cloud CLI version is: 498.0.0

2024-10-28 13:26:40,246 INFO     ___FILE_ONLY___ Installing components from version: 498.0.0

2024-10-28 13:26:40,246 INFO     ___FILE_ONLY___ 

2024-10-28 13:26:40,247 DEBUG    root            Chosen display Format:table[box,title="These components will be removed."](details.display_name:label=Name:align=left,version.version_string:label=Version:align=right,data.size.size(zero="",min=1048576):label=Size:align=right)
2024-10-28 13:26:40,248 DEBUG    root            Chosen display Format:table[box,title="These components will be updated."](details.display_name:label=Name:align=left,version.version_string:label=Version:align=right,data.size.size(zero="",min=1048576):label=Size:align=right)
2024-10-28 13:26:40,248 DEBUG    root            Chosen display Format:table[box,title="These components will be installed."](details.display_name:label=Name:align=left,version.version_string:label=Version:align=right,data.size.size(zero="",min=1048576):label=Size:align=right)
2024-10-28 13:26:40,270 INFO     ___FILE_ONLY___ ┌──────────────────────────────────────────────┐
2024-10-28 13:26:40,270 INFO     ___FILE_ONLY___ 

2024-10-28 13:26:40,270 INFO     ___FILE_ONLY___ │     These components will be installed.      │
2024-10-28 13:26:40,270 INFO     ___FILE_ONLY___ 

2024-10-28 13:26:40,270 INFO     ___FILE_ONLY___ ├───────────────────────┬────────────┬─────────┤
2024-10-28 13:26:40,270 INFO     ___FILE_ONLY___ 

2024-10-28 13:26:40,270 INFO     ___FILE_ONLY___ │          Name         │  Version   │   Size  │
2024-10-28 13:26:40,270 INFO     ___FILE_ONLY___ 

2024-10-28 13:26:40,270 INFO     ___FILE_ONLY___ ├───────────────────────┼────────────┼─────────┤
2024-10-28 13:26:40,271 INFO     ___FILE_ONLY___ 

2024-10-28 13:26:40,271 INFO     ___FILE_ONLY___ │ 
2024-10-28 13:26:40,271 INFO     ___FILE_ONLY___ gcloud Alpha Commands
2024-10-28 13:26:40,271 INFO     ___FILE_ONLY___  
2024-10-28 13:26:40,271 INFO     ___FILE_ONLY___ │ 
2024-10-28 13:26:40,271 INFO     ___FILE_ONLY___ 2024.10.18
2024-10-28 13:26:40,271 INFO     ___FILE_ONLY___  
2024-10-28 13:26:40,271 INFO     ___FILE_ONLY___ │ 
2024-10-28 13:26:40,271 INFO     ___FILE_ONLY___ < 1 MiB
2024-10-28 13:26:40,272 INFO     ___FILE_ONLY___  
2024-10-28 13:26:40,272 INFO     ___FILE_ONLY___ │
2024-10-28 13:26:40,272 INFO     ___FILE_ONLY___ 

2024-10-28 13:26:40,272 INFO     ___FILE_ONLY___ │ 
2024-10-28 13:26:40,272 INFO     ___FILE_ONLY___ gcloud Beta Commands 
2024-10-28 13:26:40,272 INFO     ___FILE_ONLY___  
2024-10-28 13:26:40,272 INFO     ___FILE_ONLY___ │ 
2024-10-28 13:26:40,272 INFO     ___FILE_ONLY___ 2024.10.18
2024-10-28 13:26:40,272 INFO     ___FILE_ONLY___  
2024-10-28 13:26:40,273 INFO     ___FILE_ONLY___ │ 
2024-10-28 13:26:40,273 INFO     ___FILE_ONLY___ < 1 MiB
2024-10-28 13:26:40,273 INFO     ___FILE_ONLY___  
2024-10-28 13:26:40,273 INFO     ___FILE_ONLY___ │
2024-10-28 13:26:40,273 INFO     ___FILE_ONLY___ 

2024-10-28 13:26:40,273 INFO     ___FILE_ONLY___ └───────────────────────┴────────────┴─────────┘
2024-10-28 13:26:40,273 INFO     ___FILE_ONLY___ 

2024-10-28 13:26:40,273 INFO     ___FILE_ONLY___ 

2024-10-28 13:26:40,277 DEBUG    urllib3.connectionpool Starting new HTTPS connection (1): dl.google.com:443
2024-10-28 13:26:40,341 DEBUG    urllib3.connectionpool https://dl.google.com:443 "GET /dl/cloudsdk/channels/rapid/RELEASE_NOTES HTTP/1.1" 200 1298799
2024-10-28 13:26:40,410 INFO     ___FILE_ONLY___ For the latest full release notes, please visit:
  https://cloud.google.com/sdk/release_notes


2024-10-28 13:26:40,410 INFO     ___FILE_ONLY___ Performing in place update...


2024-10-28 13:26:40,412 INFO     ___FILE_ONLY___ ╔════════════════════════════════════════════════════════════╗

2024-10-28 13:26:40,413 INFO     ___FILE_ONLY___ ╠═ Downloading: gcloud Alpha Commands                       ═╣

2024-10-28 13:26:40,413 INFO     ___FILE_ONLY___ ╚
2024-10-28 13:26:40,416 DEBUG    urllib3.connectionpool Starting new HTTPS connection (1): dl.google.com:443
2024-10-28 13:26:40,564 DEBUG    urllib3.connectionpool https://dl.google.com:443 "GET /dl/cloudsdk/channels/rapid/components/google-cloud-sdk-alpha-20241018161811.tar.gz HTTP/1.1" 200 800
2024-10-28 13:26:40,565 INFO     ___FILE_ONLY___ ════════════════════════════════════════════════════════════
2024-10-28 13:26:40,565 INFO     ___FILE_ONLY___ ╝

2024-10-28 13:26:40,567 INFO     ___FILE_ONLY___ ╔════════════════════════════════════════════════════════════╗

2024-10-28 13:26:40,568 INFO     ___FILE_ONLY___ ╠═ Downloading: gcloud Beta Commands                        ═╣

2024-10-28 13:26:40,568 INFO     ___FILE_ONLY___ ╚
2024-10-28 13:26:40,571 DEBUG    urllib3.connectionpool Starting new HTTPS connection (1): dl.google.com:443
2024-10-28 13:26:40,632 DEBUG    urllib3.connectionpool https://dl.google.com:443 "GET /dl/cloudsdk/channels/rapid/components/google-cloud-sdk-beta-20241018161811.tar.gz HTTP/1.1" 200 797
2024-10-28 13:26:40,633 INFO     ___FILE_ONLY___ ════════════════════════════════════════════════════════════
2024-10-28 13:26:40,633 INFO     ___FILE_ONLY___ ╝

2024-10-28 13:26:40,635 INFO     ___FILE_ONLY___ ╔════════════════════════════════════════════════════════════╗

2024-10-28 13:26:40,635 INFO     ___FILE_ONLY___ ╠═ Installing: gcloud Alpha Commands                        ═╣

2024-10-28 13:26:40,635 INFO     ___FILE_ONLY___ ╚
2024-10-28 13:26:40,636 INFO     ___FILE_ONLY___ ════════════════════════════════════════════════════════════
2024-10-28 13:26:40,636 INFO     ___FILE_ONLY___ ╝

2024-10-28 13:26:40,645 INFO     ___FILE_ONLY___ ╔════════════════════════════════════════════════════════════╗

2024-10-28 13:26:40,645 INFO     ___FILE_ONLY___ ╠═ Installing: gcloud Beta Commands                         ═╣

2024-10-28 13:26:40,646 INFO     ___FILE_ONLY___ ╚
2024-10-28 13:26:40,646 INFO     ___FILE_ONLY___ ════════════════════════════════════════════════════════════
2024-10-28 13:26:40,647 INFO     ___FILE_ONLY___ ╝

2024-10-28 13:26:40,656 DEBUG    root            Updating notification cache...
2024-10-28 13:26:40,657 INFO     ___FILE_ONLY___ 

2024-10-28 13:26:40,659 INFO     ___FILE_ONLY___ Performing post processing steps...
2024-10-28 13:26:40,659 DEBUG    root            Executing command: ['/tools/google-cloud-sdk/bin/gcloud', 'components', 'post-process']
2024-10-28 13:26:52,855 DEBUG    ___FILE_ONLY___ 
2024-10-28 13:26:52,855 DEBUG    ___FILE_ONLY___ 
2024-10-28 13:26:52,943 INFO     ___FILE_ONLY___ 
Update done!


2024-10-28 13:26:52,946 DEBUG    root            Chosen display Format:none
2024-10-28 13:26:52,947 INFO     root            Display format: "none"
