2024-10-28 13:26:18,066 DEBUG    root            Loaded Command Group: ['gcloud', 'components']
2024-10-28 13:26:18,070 DEBUG    root            Loaded Command Group: ['gcloud', 'components', 'update']
2024-10-28 13:26:18,073 DEBUG    root            Running [gcloud.components.update] with arguments: [--compile-python: "True", --quiet: "True", COMPONENT-IDS:6: "['core', 'gcloud-deps', 'bq', 'gcloud', 'gcloud-crc32c', 'gsutil']"]
2024-10-28 13:26:18,074 INFO     ___FILE_ONLY___ Beginning update. This process may take several minutes.

2024-10-28 13:26:18,109 DEBUG    urllib3.connectionpool Starting new HTTPS connection (1): dl.google.com:443
2024-10-28 13:26:18,173 DEBUG    urllib3.connectionpool https://dl.google.com:443 "GET /dl/cloudsdk/channels/rapid/components-2.json HTTP/1.1" 200 226997
2024-10-28 13:26:18,194 INFO     ___FILE_ONLY___ 

2024-10-28 13:26:18,194 INFO     ___FILE_ONLY___ 
Your current Google Cloud CLI version is: 498.0.0

2024-10-28 13:26:18,195 INFO     ___FILE_ONLY___ Installing components from version: 498.0.0

2024-10-28 13:26:18,195 INFO     ___FILE_ONLY___ 

2024-10-28 13:26:18,195 DEBUG    root            Chosen display Format:table[box,title="These components will be removed."](details.display_name:label=Name:align=left,version.version_string:label=Version:align=right,data.size.size(zero="",min=1048576):label=Size:align=right)
2024-10-28 13:26:18,196 DEBUG    root            Chosen display Format:table[box,title="These components will be updated."](details.display_name:label=Name:align=left,version.version_string:label=Version:align=right,data.size.size(zero="",min=1048576):label=Size:align=right)
2024-10-28 13:26:18,197 DEBUG    root            Chosen display Format:table[box,title="These components will be installed."](details.display_name:label=Name:align=left,version.version_string:label=Version:align=right,data.size.size(zero="",min=1048576):label=Size:align=right)
2024-10-28 13:26:18,252 INFO     ___FILE_ONLY___ ┌─────────────────────────────────────────────────────────────────────────────┐
2024-10-28 13:26:18,252 INFO     ___FILE_ONLY___ 

2024-10-28 13:26:18,252 INFO     ___FILE_ONLY___ │                     These components will be installed.                     │
2024-10-28 13:26:18,252 INFO     ___FILE_ONLY___ 

2024-10-28 13:26:18,252 INFO     ___FILE_ONLY___ ├─────────────────────────────────────────────────────┬────────────┬──────────┤
2024-10-28 13:26:18,252 INFO     ___FILE_ONLY___ 

2024-10-28 13:26:18,252 INFO     ___FILE_ONLY___ │                         Name                        │  Version   │   Size   │
2024-10-28 13:26:18,253 INFO     ___FILE_ONLY___ 

2024-10-28 13:26:18,253 INFO     ___FILE_ONLY___ ├─────────────────────────────────────────────────────┼────────────┼──────────┤
2024-10-28 13:26:18,253 INFO     ___FILE_ONLY___ 

2024-10-28 13:26:18,253 INFO     ___FILE_ONLY___ │ 
2024-10-28 13:26:18,253 INFO     ___FILE_ONLY___ BigQuery Command Line Tool                         
2024-10-28 13:26:18,253 INFO     ___FILE_ONLY___  
2024-10-28 13:26:18,253 INFO     ___FILE_ONLY___ │ 
2024-10-28 13:26:18,253 INFO     ___FILE_ONLY___      2.1.9
2024-10-28 13:26:18,253 INFO     ___FILE_ONLY___  
2024-10-28 13:26:18,253 INFO     ___FILE_ONLY___ │ 
2024-10-28 13:26:18,253 INFO     ___FILE_ONLY___  1.7 MiB
2024-10-28 13:26:18,253 INFO     ___FILE_ONLY___  
2024-10-28 13:26:18,253 INFO     ___FILE_ONLY___ │
2024-10-28 13:26:18,253 INFO     ___FILE_ONLY___ 

2024-10-28 13:26:18,254 INFO     ___FILE_ONLY___ │ 
2024-10-28 13:26:18,254 INFO     ___FILE_ONLY___ BigQuery Command Line Tool (Platform Specific)     
2024-10-28 13:26:18,254 INFO     ___FILE_ONLY___  
2024-10-28 13:26:18,254 INFO     ___FILE_ONLY___ │ 
2024-10-28 13:26:18,254 INFO     ___FILE_ONLY___      2.1.8
2024-10-28 13:26:18,254 INFO     ___FILE_ONLY___  
2024-10-28 13:26:18,254 INFO     ___FILE_ONLY___ │ 
2024-10-28 13:26:18,254 INFO     ___FILE_ONLY___  < 1 MiB
2024-10-28 13:26:18,254 INFO     ___FILE_ONLY___  
2024-10-28 13:26:18,254 INFO     ___FILE_ONLY___ │
2024-10-28 13:26:18,254 INFO     ___FILE_ONLY___ 

2024-10-28 13:26:18,254 INFO     ___FILE_ONLY___ │ 
2024-10-28 13:26:18,254 INFO     ___FILE_ONLY___ Bundled Python 3.11 (Platform Specific)            
2024-10-28 13:26:18,254 INFO     ___FILE_ONLY___  
2024-10-28 13:26:18,255 INFO     ___FILE_ONLY___ │ 
2024-10-28 13:26:18,255 INFO     ___FILE_ONLY___     3.11.9
2024-10-28 13:26:18,255 INFO     ___FILE_ONLY___  
2024-10-28 13:26:18,255 INFO     ___FILE_ONLY___ │ 
2024-10-28 13:26:18,255 INFO     ___FILE_ONLY___ 74.4 MiB
2024-10-28 13:26:18,255 INFO     ___FILE_ONLY___  
2024-10-28 13:26:18,255 INFO     ___FILE_ONLY___ │
2024-10-28 13:26:18,255 INFO     ___FILE_ONLY___ 

2024-10-28 13:26:18,255 INFO     ___FILE_ONLY___ │ 
2024-10-28 13:26:18,255 INFO     ___FILE_ONLY___ Cloud Storage Command Line Tool                    
2024-10-28 13:26:18,255 INFO     ___FILE_ONLY___  
2024-10-28 13:26:18,255 INFO     ___FILE_ONLY___ │ 
2024-10-28 13:26:18,255 INFO     ___FILE_ONLY___       5.31
2024-10-28 13:26:18,255 INFO     ___FILE_ONLY___  
2024-10-28 13:26:18,256 INFO     ___FILE_ONLY___ │ 
2024-10-28 13:26:18,256 INFO     ___FILE_ONLY___ 11.3 MiB
2024-10-28 13:26:18,256 INFO     ___FILE_ONLY___  
2024-10-28 13:26:18,256 INFO     ___FILE_ONLY___ │
2024-10-28 13:26:18,256 INFO     ___FILE_ONLY___ 

2024-10-28 13:26:18,256 INFO     ___FILE_ONLY___ │ 
2024-10-28 13:26:18,256 INFO     ___FILE_ONLY___ Cloud Storage Command Line Tool (Platform Specific)
2024-10-28 13:26:18,256 INFO     ___FILE_ONLY___  
2024-10-28 13:26:18,256 INFO     ___FILE_ONLY___ │ 
2024-10-28 13:26:18,256 INFO     ___FILE_ONLY___       5.30
2024-10-28 13:26:18,256 INFO     ___FILE_ONLY___  
2024-10-28 13:26:18,256 INFO     ___FILE_ONLY___ │ 
2024-10-28 13:26:18,257 INFO     ___FILE_ONLY___  < 1 MiB
2024-10-28 13:26:18,257 INFO     ___FILE_ONLY___  
2024-10-28 13:26:18,257 INFO     ___FILE_ONLY___ │
2024-10-28 13:26:18,257 INFO     ___FILE_ONLY___ 

2024-10-28 13:26:18,257 INFO     ___FILE_ONLY___ │ 
2024-10-28 13:26:18,257 INFO     ___FILE_ONLY___ Google Cloud CLI Core Libraries (Platform Specific)
2024-10-28 13:26:18,257 INFO     ___FILE_ONLY___  
2024-10-28 13:26:18,257 INFO     ___FILE_ONLY___ │ 
2024-10-28 13:26:18,257 INFO     ___FILE_ONLY___ 2024.08.30
2024-10-28 13:26:18,257 INFO     ___FILE_ONLY___  
2024-10-28 13:26:18,257 INFO     ___FILE_ONLY___ │ 
2024-10-28 13:26:18,257 INFO     ___FILE_ONLY___  < 1 MiB
2024-10-28 13:26:18,257 INFO     ___FILE_ONLY___  
2024-10-28 13:26:18,257 INFO     ___FILE_ONLY___ │
2024-10-28 13:26:18,258 INFO     ___FILE_ONLY___ 

2024-10-28 13:26:18,258 INFO     ___FILE_ONLY___ │ 
2024-10-28 13:26:18,258 INFO     ___FILE_ONLY___ Google Cloud CRC32C Hash Tool (Platform Specific)  
2024-10-28 13:26:18,258 INFO     ___FILE_ONLY___  
2024-10-28 13:26:18,258 INFO     ___FILE_ONLY___ │ 
2024-10-28 13:26:18,258 INFO     ___FILE_ONLY___      1.0.0
2024-10-28 13:26:18,258 INFO     ___FILE_ONLY___  
2024-10-28 13:26:18,258 INFO     ___FILE_ONLY___ │ 
2024-10-28 13:26:18,258 INFO     ___FILE_ONLY___  1.3 MiB
2024-10-28 13:26:18,258 INFO     ___FILE_ONLY___  
2024-10-28 13:26:18,258 INFO     ___FILE_ONLY___ │
2024-10-28 13:26:18,258 INFO     ___FILE_ONLY___ 

2024-10-28 13:26:18,258 INFO     ___FILE_ONLY___ │ 
2024-10-28 13:26:18,258 INFO     ___FILE_ONLY___ gcloud cli dependencies (Platform Specific)        
2024-10-28 13:26:18,258 INFO     ___FILE_ONLY___  
2024-10-28 13:26:18,259 INFO     ___FILE_ONLY___ │ 
2024-10-28 13:26:18,259 INFO     ___FILE_ONLY___ 2021.04.16
2024-10-28 13:26:18,259 INFO     ___FILE_ONLY___  
2024-10-28 13:26:18,259 INFO     ___FILE_ONLY___ │ 
2024-10-28 13:26:18,259 INFO     ___FILE_ONLY___  < 1 MiB
2024-10-28 13:26:18,259 INFO     ___FILE_ONLY___  
2024-10-28 13:26:18,259 INFO     ___FILE_ONLY___ │
2024-10-28 13:26:18,259 INFO     ___FILE_ONLY___ 

2024-10-28 13:26:18,259 INFO     ___FILE_ONLY___ └─────────────────────────────────────────────────────┴────────────┴──────────┘
2024-10-28 13:26:18,259 INFO     ___FILE_ONLY___ 

2024-10-28 13:26:18,259 INFO     ___FILE_ONLY___ 

2024-10-28 13:26:18,263 DEBUG    urllib3.connectionpool Starting new HTTPS connection (1): dl.google.com:443
2024-10-28 13:26:18,329 DEBUG    urllib3.connectionpool https://dl.google.com:443 "GET /dl/cloudsdk/channels/rapid/RELEASE_NOTES HTTP/1.1" 200 1298799
2024-10-28 13:26:18,398 INFO     ___FILE_ONLY___ For the latest full release notes, please visit:
  https://cloud.google.com/sdk/release_notes


2024-10-28 13:26:18,398 INFO     ___FILE_ONLY___ Performing in place update...


2024-10-28 13:26:18,400 INFO     ___FILE_ONLY___ ╔════════════════════════════════════════════════════════════╗

2024-10-28 13:26:18,401 INFO     ___FILE_ONLY___ ╠═ Downloading: BigQuery Command Line Tool                  ═╣

2024-10-28 13:26:18,401 INFO     ___FILE_ONLY___ ╚
2024-10-28 13:26:18,404 DEBUG    urllib3.connectionpool Starting new HTTPS connection (1): dl.google.com:443
2024-10-28 13:26:18,471 DEBUG    urllib3.connectionpool https://dl.google.com:443 "GET /dl/cloudsdk/channels/rapid/components/google-cloud-sdk-bq-20241011151610.tar.gz HTTP/1.1" 200 1831026
2024-10-28 13:26:18,483 INFO     ___FILE_ONLY___ ═
2024-10-28 13:26:18,484 INFO     ___FILE_ONLY___ ═
2024-10-28 13:26:18,484 INFO     ___FILE_ONLY___ ═
2024-10-28 13:26:18,484 INFO     ___FILE_ONLY___ ═
2024-10-28 13:26:18,484 INFO     ___FILE_ONLY___ ═
2024-10-28 13:26:18,484 INFO     ___FILE_ONLY___ ═
2024-10-28 13:26:18,484 INFO     ___FILE_ONLY___ ═
2024-10-28 13:26:18,484 INFO     ___FILE_ONLY___ ═
2024-10-28 13:26:18,485 INFO     ___FILE_ONLY___ ═
2024-10-28 13:26:18,485 INFO     ___FILE_ONLY___ ═
2024-10-28 13:26:18,485 INFO     ___FILE_ONLY___ ═
2024-10-28 13:26:18,485 INFO     ___FILE_ONLY___ ═
2024-10-28 13:26:18,485 INFO     ___FILE_ONLY___ ═
2024-10-28 13:26:18,485 INFO     ___FILE_ONLY___ ═
2024-10-28 13:26:18,485 INFO     ___FILE_ONLY___ ═
2024-10-28 13:26:18,485 INFO     ___FILE_ONLY___ ═
2024-10-28 13:26:18,486 INFO     ___FILE_ONLY___ ═
2024-10-28 13:26:18,486 INFO     ___FILE_ONLY___ ═
2024-10-28 13:26:18,486 INFO     ___FILE_ONLY___ ═
2024-10-28 13:26:18,486 INFO     ___FILE_ONLY___ ═
2024-10-28 13:26:18,486 INFO     ___FILE_ONLY___ ═
2024-10-28 13:26:18,486 INFO     ___FILE_ONLY___ ═
2024-10-28 13:26:18,486 INFO     ___FILE_ONLY___ ═
2024-10-28 13:26:18,486 INFO     ___FILE_ONLY___ ═
2024-10-28 13:26:18,486 INFO     ___FILE_ONLY___ ═
2024-10-28 13:26:18,487 INFO     ___FILE_ONLY___ ═
2024-10-28 13:26:18,487 INFO     ___FILE_ONLY___ ═
2024-10-28 13:26:18,487 INFO     ___FILE_ONLY___ ═
2024-10-28 13:26:18,487 INFO     ___FILE_ONLY___ ═
2024-10-28 13:26:18,487 INFO     ___FILE_ONLY___ ═
2024-10-28 13:26:18,487 INFO     ___FILE_ONLY___ ═
2024-10-28 13:26:18,487 INFO     ___FILE_ONLY___ ═
2024-10-28 13:26:18,487 INFO     ___FILE_ONLY___ ═
2024-10-28 13:26:18,488 INFO     ___FILE_ONLY___ ═
2024-10-28 13:26:18,488 INFO     ___FILE_ONLY___ ═
2024-10-28 13:26:18,488 INFO     ___FILE_ONLY___ ═
2024-10-28 13:26:18,488 INFO     ___FILE_ONLY___ ═
2024-10-28 13:26:18,488 INFO     ___FILE_ONLY___ ═
2024-10-28 13:26:18,488 INFO     ___FILE_ONLY___ ═
2024-10-28 13:26:18,488 INFO     ___FILE_ONLY___ ═
2024-10-28 13:26:18,488 INFO     ___FILE_ONLY___ ═
2024-10-28 13:26:18,488 INFO     ___FILE_ONLY___ ═
2024-10-28 13:26:18,489 INFO     ___FILE_ONLY___ ═
2024-10-28 13:26:18,489 INFO     ___FILE_ONLY___ ═
2024-10-28 13:26:18,489 INFO     ___FILE_ONLY___ ═
2024-10-28 13:26:18,489 INFO     ___FILE_ONLY___ ═
2024-10-28 13:26:18,489 INFO     ___FILE_ONLY___ ═
2024-10-28 13:26:18,489 INFO     ___FILE_ONLY___ ═
2024-10-28 13:26:18,489 INFO     ___FILE_ONLY___ ═
2024-10-28 13:26:18,489 INFO     ___FILE_ONLY___ ═
2024-10-28 13:26:18,490 INFO     ___FILE_ONLY___ ═
2024-10-28 13:26:18,490 INFO     ___FILE_ONLY___ ═
2024-10-28 13:26:18,490 INFO     ___FILE_ONLY___ ═
2024-10-28 13:26:18,490 INFO     ___FILE_ONLY___ ═
2024-10-28 13:26:18,490 INFO     ___FILE_ONLY___ ═
2024-10-28 13:26:18,490 INFO     ___FILE_ONLY___ ═
2024-10-28 13:26:18,490 INFO     ___FILE_ONLY___ ═
2024-10-28 13:26:18,490 INFO     ___FILE_ONLY___ ═
2024-10-28 13:26:18,490 INFO     ___FILE_ONLY___ ═
2024-10-28 13:26:18,491 INFO     ___FILE_ONLY___ ═
2024-10-28 13:26:18,491 INFO     ___FILE_ONLY___ ╝

2024-10-28 13:26:18,493 INFO     ___FILE_ONLY___ ╔════════════════════════════════════════════════════════════╗

2024-10-28 13:26:18,493 INFO     ___FILE_ONLY___ ╠═ Downloading: BigQuery Command Line Tool (Platform Spe... ═╣

2024-10-28 13:26:18,493 INFO     ___FILE_ONLY___ ╚
2024-10-28 13:26:18,497 DEBUG    urllib3.connectionpool Starting new HTTPS connection (1): dl.google.com:443
2024-10-28 13:26:18,556 DEBUG    urllib3.connectionpool https://dl.google.com:443 "GET /dl/cloudsdk/channels/rapid/components/google-cloud-sdk-bq-nix-20240830134514.tar.gz HTTP/1.1" 200 1914
2024-10-28 13:26:18,557 INFO     ___FILE_ONLY___ ════════════════════════════════════════════════════════════
2024-10-28 13:26:18,557 INFO     ___FILE_ONLY___ ╝

2024-10-28 13:26:18,559 INFO     ___FILE_ONLY___ ╔════════════════════════════════════════════════════════════╗

2024-10-28 13:26:18,560 INFO     ___FILE_ONLY___ ╠═ Downloading: Bundled Python 3.11                         ═╣

2024-10-28 13:26:18,560 INFO     ___FILE_ONLY___ ╚
2024-10-28 13:26:18,560 INFO     ___FILE_ONLY___ ════════════════════════════════════════════════════════════
2024-10-28 13:26:18,560 INFO     ___FILE_ONLY___ ╝

2024-10-28 13:26:18,562 INFO     ___FILE_ONLY___ ╔════════════════════════════════════════════════════════════╗

2024-10-28 13:26:18,562 INFO     ___FILE_ONLY___ ╠═ Downloading: Bundled Python 3.11 (Platform Specific)     ═╣

2024-10-28 13:26:18,562 INFO     ___FILE_ONLY___ ╚
2024-10-28 13:26:18,566 DEBUG    urllib3.connectionpool Starting new HTTPS connection (1): dl.google.com:443
2024-10-28 13:26:18,625 DEBUG    urllib3.connectionpool https://dl.google.com:443 "GET /dl/cloudsdk/channels/rapid/components/google-cloud-sdk-bundled-python3-unix-linux-x86_64-20240920144119.tar.gz HTTP/1.1" 200 78001783
2024-10-28 13:26:18,945 INFO     ___FILE_ONLY___ ═
2024-10-28 13:26:18,947 INFO     ___FILE_ONLY___ ═
2024-10-28 13:26:18,949 INFO     ___FILE_ONLY___ ═
2024-10-28 13:26:18,951 INFO     ___FILE_ONLY___ ═
2024-10-28 13:26:18,953 INFO     ___FILE_ONLY___ ═
2024-10-28 13:26:18,955 INFO     ___FILE_ONLY___ ═
2024-10-28 13:26:18,957 INFO     ___FILE_ONLY___ ═
2024-10-28 13:26:18,959 INFO     ___FILE_ONLY___ ═
2024-10-28 13:26:18,962 INFO     ___FILE_ONLY___ ═
2024-10-28 13:26:18,964 INFO     ___FILE_ONLY___ ═
2024-10-28 13:26:18,966 INFO     ___FILE_ONLY___ ═
2024-10-28 13:26:18,968 INFO     ___FILE_ONLY___ ═
2024-10-28 13:26:18,970 INFO     ___FILE_ONLY___ ═
2024-10-28 13:26:18,972 INFO     ___FILE_ONLY___ ═
2024-10-28 13:26:18,974 INFO     ___FILE_ONLY___ ═
2024-10-28 13:26:18,976 INFO     ___FILE_ONLY___ ═
2024-10-28 13:26:18,978 INFO     ___FILE_ONLY___ ═
2024-10-28 13:26:18,980 INFO     ___FILE_ONLY___ ═
2024-10-28 13:26:18,982 INFO     ___FILE_ONLY___ ═
2024-10-28 13:26:18,984 INFO     ___FILE_ONLY___ ═
2024-10-28 13:26:18,986 INFO     ___FILE_ONLY___ ═
2024-10-28 13:26:18,988 INFO     ___FILE_ONLY___ ═
2024-10-28 13:26:18,989 INFO     ___FILE_ONLY___ ═
2024-10-28 13:26:18,991 INFO     ___FILE_ONLY___ ═
2024-10-28 13:26:18,993 INFO     ___FILE_ONLY___ ═
2024-10-28 13:26:18,995 INFO     ___FILE_ONLY___ ═
2024-10-28 13:26:18,997 INFO     ___FILE_ONLY___ ═
2024-10-28 13:26:18,999 INFO     ___FILE_ONLY___ ═
2024-10-28 13:26:19,001 INFO     ___FILE_ONLY___ ═
2024-10-28 13:26:19,003 INFO     ___FILE_ONLY___ ═
2024-10-28 13:26:19,005 INFO     ___FILE_ONLY___ ═
2024-10-28 13:26:19,007 INFO     ___FILE_ONLY___ ═
2024-10-28 13:26:19,008 INFO     ___FILE_ONLY___ ═
2024-10-28 13:26:19,010 INFO     ___FILE_ONLY___ ═
2024-10-28 13:26:19,012 INFO     ___FILE_ONLY___ ═
2024-10-28 13:26:19,014 INFO     ___FILE_ONLY___ ═
2024-10-28 13:26:19,016 INFO     ___FILE_ONLY___ ═
2024-10-28 13:26:19,018 INFO     ___FILE_ONLY___ ═
2024-10-28 13:26:19,020 INFO     ___FILE_ONLY___ ═
2024-10-28 13:26:19,022 INFO     ___FILE_ONLY___ ═
2024-10-28 13:26:19,023 INFO     ___FILE_ONLY___ ═
2024-10-28 13:26:19,025 INFO     ___FILE_ONLY___ ═
2024-10-28 13:26:19,027 INFO     ___FILE_ONLY___ ═
2024-10-28 13:26:19,029 INFO     ___FILE_ONLY___ ═
2024-10-28 13:26:19,031 INFO     ___FILE_ONLY___ ═
2024-10-28 13:26:19,033 INFO     ___FILE_ONLY___ ═
2024-10-28 13:26:19,035 INFO     ___FILE_ONLY___ ═
2024-10-28 13:26:19,037 INFO     ___FILE_ONLY___ ═
2024-10-28 13:26:19,038 INFO     ___FILE_ONLY___ ═
2024-10-28 13:26:19,040 INFO     ___FILE_ONLY___ ═
2024-10-28 13:26:19,042 INFO     ___FILE_ONLY___ ═
2024-10-28 13:26:19,044 INFO     ___FILE_ONLY___ ═
2024-10-28 13:26:19,046 INFO     ___FILE_ONLY___ ═
2024-10-28 13:26:19,048 INFO     ___FILE_ONLY___ ═
2024-10-28 13:26:19,050 INFO     ___FILE_ONLY___ ═
2024-10-28 13:26:19,052 INFO     ___FILE_ONLY___ ═
2024-10-28 13:26:19,054 INFO     ___FILE_ONLY___ ═
2024-10-28 13:26:19,055 INFO     ___FILE_ONLY___ ═
2024-10-28 13:26:19,057 INFO     ___FILE_ONLY___ ═
2024-10-28 13:26:19,059 INFO     ___FILE_ONLY___ ═
2024-10-28 13:26:19,059 INFO     ___FILE_ONLY___ ╝

2024-10-28 13:26:19,062 INFO     ___FILE_ONLY___ ╔════════════════════════════════════════════════════════════╗

2024-10-28 13:26:19,062 INFO     ___FILE_ONLY___ ╠═ Downloading: Cloud Storage Command Line Tool             ═╣

2024-10-28 13:26:19,062 INFO     ___FILE_ONLY___ ╚
2024-10-28 13:26:19,072 DEBUG    urllib3.connectionpool Starting new HTTPS connection (1): dl.google.com:443
2024-10-28 13:26:19,138 DEBUG    urllib3.connectionpool https://dl.google.com:443 "GET /dl/cloudsdk/channels/rapid/components/google-cloud-sdk-gsutil-20241011151610.tar.gz HTTP/1.1" 200 11831021
2024-10-28 13:26:19,184 INFO     ___FILE_ONLY___ ═
2024-10-28 13:26:19,185 INFO     ___FILE_ONLY___ ═
2024-10-28 13:26:19,185 INFO     ___FILE_ONLY___ ═
2024-10-28 13:26:19,186 INFO     ___FILE_ONLY___ ═
2024-10-28 13:26:19,186 INFO     ___FILE_ONLY___ ═
2024-10-28 13:26:19,186 INFO     ___FILE_ONLY___ ═
2024-10-28 13:26:19,187 INFO     ___FILE_ONLY___ ═
2024-10-28 13:26:19,187 INFO     ___FILE_ONLY___ ═
2024-10-28 13:26:19,187 INFO     ___FILE_ONLY___ ═
2024-10-28 13:26:19,188 INFO     ___FILE_ONLY___ ═
2024-10-28 13:26:19,188 INFO     ___FILE_ONLY___ ═
2024-10-28 13:26:19,189 INFO     ___FILE_ONLY___ ═
2024-10-28 13:26:19,189 INFO     ___FILE_ONLY___ ═
2024-10-28 13:26:19,189 INFO     ___FILE_ONLY___ ═
2024-10-28 13:26:19,190 INFO     ___FILE_ONLY___ ═
2024-10-28 13:26:19,190 INFO     ___FILE_ONLY___ ═
2024-10-28 13:26:19,191 INFO     ___FILE_ONLY___ ═
2024-10-28 13:26:19,191 INFO     ___FILE_ONLY___ ═
2024-10-28 13:26:19,191 INFO     ___FILE_ONLY___ ═
2024-10-28 13:26:19,192 INFO     ___FILE_ONLY___ ═
2024-10-28 13:26:19,192 INFO     ___FILE_ONLY___ ═
2024-10-28 13:26:19,193 INFO     ___FILE_ONLY___ ═
2024-10-28 13:26:19,193 INFO     ___FILE_ONLY___ ═
2024-10-28 13:26:19,193 INFO     ___FILE_ONLY___ ═
2024-10-28 13:26:19,194 INFO     ___FILE_ONLY___ ═
2024-10-28 13:26:19,194 INFO     ___FILE_ONLY___ ═
2024-10-28 13:26:19,195 INFO     ___FILE_ONLY___ ═
2024-10-28 13:26:19,195 INFO     ___FILE_ONLY___ ═
2024-10-28 13:26:19,196 INFO     ___FILE_ONLY___ ═
2024-10-28 13:26:19,196 INFO     ___FILE_ONLY___ ═
2024-10-28 13:26:19,196 INFO     ___FILE_ONLY___ ═
2024-10-28 13:26:19,197 INFO     ___FILE_ONLY___ ═
2024-10-28 13:26:19,197 INFO     ___FILE_ONLY___ ═
2024-10-28 13:26:19,198 INFO     ___FILE_ONLY___ ═
2024-10-28 13:26:19,198 INFO     ___FILE_ONLY___ ═
2024-10-28 13:26:19,198 INFO     ___FILE_ONLY___ ═
2024-10-28 13:26:19,199 INFO     ___FILE_ONLY___ ═
2024-10-28 13:26:19,199 INFO     ___FILE_ONLY___ ═
2024-10-28 13:26:19,200 INFO     ___FILE_ONLY___ ═
2024-10-28 13:26:19,200 INFO     ___FILE_ONLY___ ═
2024-10-28 13:26:19,201 INFO     ___FILE_ONLY___ ═
2024-10-28 13:26:19,201 INFO     ___FILE_ONLY___ ═
2024-10-28 13:26:19,201 INFO     ___FILE_ONLY___ ═
2024-10-28 13:26:19,202 INFO     ___FILE_ONLY___ ═
2024-10-28 13:26:19,202 INFO     ___FILE_ONLY___ ═
2024-10-28 13:26:19,203 INFO     ___FILE_ONLY___ ═
2024-10-28 13:26:19,203 INFO     ___FILE_ONLY___ ═
2024-10-28 13:26:19,203 INFO     ___FILE_ONLY___ ═
2024-10-28 13:26:19,204 INFO     ___FILE_ONLY___ ═
2024-10-28 13:26:19,204 INFO     ___FILE_ONLY___ ═
2024-10-28 13:26:19,205 INFO     ___FILE_ONLY___ ═
2024-10-28 13:26:19,205 INFO     ___FILE_ONLY___ ═
2024-10-28 13:26:19,205 INFO     ___FILE_ONLY___ ═
2024-10-28 13:26:19,206 INFO     ___FILE_ONLY___ ═
2024-10-28 13:26:19,206 INFO     ___FILE_ONLY___ ═
2024-10-28 13:26:19,206 INFO     ___FILE_ONLY___ ═
2024-10-28 13:26:19,207 INFO     ___FILE_ONLY___ ═
2024-10-28 13:26:19,207 INFO     ___FILE_ONLY___ ═
2024-10-28 13:26:19,208 INFO     ___FILE_ONLY___ ═
2024-10-28 13:26:19,208 INFO     ___FILE_ONLY___ ═
2024-10-28 13:26:19,208 INFO     ___FILE_ONLY___ ╝

2024-10-28 13:26:19,210 INFO     ___FILE_ONLY___ ╔════════════════════════════════════════════════════════════╗

2024-10-28 13:26:19,211 INFO     ___FILE_ONLY___ ╠═ Downloading: Cloud Storage Command Line Tool (Platfor... ═╣

2024-10-28 13:26:19,211 INFO     ___FILE_ONLY___ ╚
2024-10-28 13:26:19,214 DEBUG    urllib3.connectionpool Starting new HTTPS connection (1): dl.google.com:443
2024-10-28 13:26:19,290 DEBUG    urllib3.connectionpool https://dl.google.com:443 "GET /dl/cloudsdk/channels/rapid/components/google-cloud-sdk-gsutil-nix-20240830134514.tar.gz HTTP/1.1" 200 1928
2024-10-28 13:26:19,290 INFO     ___FILE_ONLY___ ════════════════════════════════════════════════════════════
2024-10-28 13:26:19,291 INFO     ___FILE_ONLY___ ╝

2024-10-28 13:26:19,293 INFO     ___FILE_ONLY___ ╔════════════════════════════════════════════════════════════╗

2024-10-28 13:26:19,293 INFO     ___FILE_ONLY___ ╠═ Downloading: Default set of gcloud commands              ═╣

2024-10-28 13:26:19,293 INFO     ___FILE_ONLY___ ╚
2024-10-28 13:26:19,293 INFO     ___FILE_ONLY___ ════════════════════════════════════════════════════════════
2024-10-28 13:26:19,293 INFO     ___FILE_ONLY___ ╝

2024-10-28 13:26:19,295 INFO     ___FILE_ONLY___ ╔════════════════════════════════════════════════════════════╗

2024-10-28 13:26:19,295 INFO     ___FILE_ONLY___ ╠═ Downloading: Google Cloud CLI Core Libraries (Platfor... ═╣

2024-10-28 13:26:19,295 INFO     ___FILE_ONLY___ ╚
2024-10-28 13:26:19,299 DEBUG    urllib3.connectionpool Starting new HTTPS connection (1): dl.google.com:443
2024-10-28 13:26:19,357 DEBUG    urllib3.connectionpool https://dl.google.com:443 "GET /dl/cloudsdk/channels/rapid/components/google-cloud-sdk-core-nix-20240830134514.tar.gz HTTP/1.1" 200 2306
2024-10-28 13:26:19,357 INFO     ___FILE_ONLY___ ════════════════════════════════════════════════════════════
2024-10-28 13:26:19,358 INFO     ___FILE_ONLY___ ╝

2024-10-28 13:26:19,360 INFO     ___FILE_ONLY___ ╔════════════════════════════════════════════════════════════╗

2024-10-28 13:26:19,360 INFO     ___FILE_ONLY___ ╠═ Downloading: Google Cloud CRC32C Hash Tool               ═╣

2024-10-28 13:26:19,360 INFO     ___FILE_ONLY___ ╚
2024-10-28 13:26:19,360 INFO     ___FILE_ONLY___ ════════════════════════════════════════════════════════════
2024-10-28 13:26:19,360 INFO     ___FILE_ONLY___ ╝

2024-10-28 13:26:19,362 INFO     ___FILE_ONLY___ ╔════════════════════════════════════════════════════════════╗

2024-10-28 13:26:19,362 INFO     ___FILE_ONLY___ ╠═ Downloading: Google Cloud CRC32C Hash Tool (Platform ... ═╣

2024-10-28 13:26:19,362 INFO     ___FILE_ONLY___ ╚
2024-10-28 13:26:19,366 DEBUG    urllib3.connectionpool Starting new HTTPS connection (1): dl.google.com:443
2024-10-28 13:26:19,429 DEBUG    urllib3.connectionpool https://dl.google.com:443 "GET /dl/cloudsdk/channels/rapid/components/google-cloud-sdk-gcloud-crc32c-linux-x86_64-20240712142834.tar.gz HTTP/1.1" 200 1350263
2024-10-28 13:26:19,440 INFO     ___FILE_ONLY___ ═
2024-10-28 13:26:19,441 INFO     ___FILE_ONLY___ ═
2024-10-28 13:26:19,441 INFO     ___FILE_ONLY___ ═
2024-10-28 13:26:19,441 INFO     ___FILE_ONLY___ ═
2024-10-28 13:26:19,441 INFO     ___FILE_ONLY___ ═
2024-10-28 13:26:19,441 INFO     ___FILE_ONLY___ ═
2024-10-28 13:26:19,441 INFO     ___FILE_ONLY___ ═
2024-10-28 13:26:19,441 INFO     ___FILE_ONLY___ ═
2024-10-28 13:26:19,441 INFO     ___FILE_ONLY___ ═
2024-10-28 13:26:19,441 INFO     ___FILE_ONLY___ ═
2024-10-28 13:26:19,442 INFO     ___FILE_ONLY___ ═
2024-10-28 13:26:19,442 INFO     ___FILE_ONLY___ ═
2024-10-28 13:26:19,442 INFO     ___FILE_ONLY___ ═
2024-10-28 13:26:19,442 INFO     ___FILE_ONLY___ ═
2024-10-28 13:26:19,442 INFO     ___FILE_ONLY___ ═
2024-10-28 13:26:19,442 INFO     ___FILE_ONLY___ ═
2024-10-28 13:26:19,442 INFO     ___FILE_ONLY___ ═
2024-10-28 13:26:19,442 INFO     ___FILE_ONLY___ ═
2024-10-28 13:26:19,442 INFO     ___FILE_ONLY___ ═
2024-10-28 13:26:19,442 INFO     ___FILE_ONLY___ ═
2024-10-28 13:26:19,443 INFO     ___FILE_ONLY___ ═
2024-10-28 13:26:19,443 INFO     ___FILE_ONLY___ ═
2024-10-28 13:26:19,443 INFO     ___FILE_ONLY___ ═
2024-10-28 13:26:19,443 INFO     ___FILE_ONLY___ ═
2024-10-28 13:26:19,443 INFO     ___FILE_ONLY___ ═
2024-10-28 13:26:19,443 INFO     ___FILE_ONLY___ ═
2024-10-28 13:26:19,443 INFO     ___FILE_ONLY___ ═
2024-10-28 13:26:19,443 INFO     ___FILE_ONLY___ ═
2024-10-28 13:26:19,443 INFO     ___FILE_ONLY___ ═
2024-10-28 13:26:19,444 INFO     ___FILE_ONLY___ ═
2024-10-28 13:26:19,444 INFO     ___FILE_ONLY___ ═
2024-10-28 13:26:19,444 INFO     ___FILE_ONLY___ ═
2024-10-28 13:26:19,444 INFO     ___FILE_ONLY___ ═
2024-10-28 13:26:19,444 INFO     ___FILE_ONLY___ ═
2024-10-28 13:26:19,444 INFO     ___FILE_ONLY___ ═
2024-10-28 13:26:19,444 INFO     ___FILE_ONLY___ ═
2024-10-28 13:26:19,444 INFO     ___FILE_ONLY___ ═
2024-10-28 13:26:19,444 INFO     ___FILE_ONLY___ ═
2024-10-28 13:26:19,445 INFO     ___FILE_ONLY___ ═
2024-10-28 13:26:19,445 INFO     ___FILE_ONLY___ ═
2024-10-28 13:26:19,445 INFO     ___FILE_ONLY___ ═
2024-10-28 13:26:19,445 INFO     ___FILE_ONLY___ ═
2024-10-28 13:26:19,445 INFO     ___FILE_ONLY___ ═
2024-10-28 13:26:19,445 INFO     ___FILE_ONLY___ ═
2024-10-28 13:26:19,445 INFO     ___FILE_ONLY___ ═
2024-10-28 13:26:19,445 INFO     ___FILE_ONLY___ ═
2024-10-28 13:26:19,446 INFO     ___FILE_ONLY___ ═
2024-10-28 13:26:19,446 INFO     ___FILE_ONLY___ ═
2024-10-28 13:26:19,446 INFO     ___FILE_ONLY___ ═
2024-10-28 13:26:19,446 INFO     ___FILE_ONLY___ ═
2024-10-28 13:26:19,446 INFO     ___FILE_ONLY___ ═
2024-10-28 13:26:19,446 INFO     ___FILE_ONLY___ ═
2024-10-28 13:26:19,447 INFO     ___FILE_ONLY___ ═
2024-10-28 13:26:19,447 INFO     ___FILE_ONLY___ ═
2024-10-28 13:26:19,447 INFO     ___FILE_ONLY___ ═
2024-10-28 13:26:19,447 INFO     ___FILE_ONLY___ ═
2024-10-28 13:26:19,447 INFO     ___FILE_ONLY___ ═
2024-10-28 13:26:19,447 INFO     ___FILE_ONLY___ ═
2024-10-28 13:26:19,447 INFO     ___FILE_ONLY___ ═
2024-10-28 13:26:19,448 INFO     ___FILE_ONLY___ ═
2024-10-28 13:26:19,448 INFO     ___FILE_ONLY___ ╝

2024-10-28 13:26:19,450 INFO     ___FILE_ONLY___ ╔════════════════════════════════════════════════════════════╗

2024-10-28 13:26:19,450 INFO     ___FILE_ONLY___ ╠═ Downloading: gcloud cli dependencies (Platform Specific) ═╣

2024-10-28 13:26:19,450 INFO     ___FILE_ONLY___ ╚
2024-10-28 13:26:19,454 DEBUG    urllib3.connectionpool Starting new HTTPS connection (1): dl.google.com:443
2024-10-28 13:26:19,511 DEBUG    urllib3.connectionpool https://dl.google.com:443 "GET /dl/cloudsdk/channels/rapid/components/google-cloud-sdk-gcloud-deps-linux-x86_64-20210416153011.tar.gz HTTP/1.1" 200 104
2024-10-28 13:26:19,511 INFO     ___FILE_ONLY___ ════════════════════════════════════════════════════════════
2024-10-28 13:26:19,511 INFO     ___FILE_ONLY___ ╝

2024-10-28 13:26:19,514 INFO     ___FILE_ONLY___ ╔════════════════════════════════════════════════════════════╗

2024-10-28 13:26:19,514 INFO     ___FILE_ONLY___ ╠═ Installing: BigQuery Command Line Tool                   ═╣

2024-10-28 13:26:19,514 INFO     ___FILE_ONLY___ ╚
2024-10-28 13:26:19,636 INFO     ___FILE_ONLY___ ═
2024-10-28 13:26:19,640 INFO     ___FILE_ONLY___ ═
2024-10-28 13:26:19,643 INFO     ___FILE_ONLY___ ═
2024-10-28 13:26:19,645 INFO     ___FILE_ONLY___ ═
2024-10-28 13:26:19,648 INFO     ___FILE_ONLY___ ═
2024-10-28 13:26:19,651 INFO     ___FILE_ONLY___ ═
2024-10-28 13:26:19,653 INFO     ___FILE_ONLY___ ═
2024-10-28 13:26:19,656 INFO     ___FILE_ONLY___ ═
2024-10-28 13:26:19,659 INFO     ___FILE_ONLY___ ═
2024-10-28 13:26:19,661 INFO     ___FILE_ONLY___ ═
2024-10-28 13:26:19,663 INFO     ___FILE_ONLY___ ═
2024-10-28 13:26:19,666 INFO     ___FILE_ONLY___ ═
2024-10-28 13:26:19,668 INFO     ___FILE_ONLY___ ═
2024-10-28 13:26:19,671 INFO     ___FILE_ONLY___ ═
2024-10-28 13:26:19,673 INFO     ___FILE_ONLY___ ═
2024-10-28 13:26:19,676 INFO     ___FILE_ONLY___ ═
2024-10-28 13:26:19,678 INFO     ___FILE_ONLY___ ═
2024-10-28 13:26:19,682 INFO     ___FILE_ONLY___ ═
2024-10-28 13:26:19,684 INFO     ___FILE_ONLY___ ═
2024-10-28 13:26:19,687 INFO     ___FILE_ONLY___ ═
2024-10-28 13:26:19,690 INFO     ___FILE_ONLY___ ═
2024-10-28 13:26:19,692 INFO     ___FILE_ONLY___ ═
2024-10-28 13:26:19,694 INFO     ___FILE_ONLY___ ═
2024-10-28 13:26:19,696 INFO     ___FILE_ONLY___ ═
2024-10-28 13:26:19,699 INFO     ___FILE_ONLY___ ═
2024-10-28 13:26:19,701 INFO     ___FILE_ONLY___ ═
2024-10-28 13:26:19,704 INFO     ___FILE_ONLY___ ═
2024-10-28 13:26:19,706 INFO     ___FILE_ONLY___ ═
2024-10-28 13:26:19,710 INFO     ___FILE_ONLY___ ═
2024-10-28 13:26:19,712 INFO     ___FILE_ONLY___ ═
2024-10-28 13:26:19,715 INFO     ___FILE_ONLY___ ═
2024-10-28 13:26:19,717 INFO     ___FILE_ONLY___ ═
2024-10-28 13:26:19,721 INFO     ___FILE_ONLY___ ═
2024-10-28 13:26:19,725 INFO     ___FILE_ONLY___ ═
2024-10-28 13:26:19,733 INFO     ___FILE_ONLY___ ═
2024-10-28 13:26:19,735 INFO     ___FILE_ONLY___ ═
2024-10-28 13:26:19,738 INFO     ___FILE_ONLY___ ═
2024-10-28 13:26:19,743 INFO     ___FILE_ONLY___ ═
2024-10-28 13:26:19,745 INFO     ___FILE_ONLY___ ═
2024-10-28 13:26:19,747 INFO     ___FILE_ONLY___ ═
2024-10-28 13:26:19,750 INFO     ___FILE_ONLY___ ═
2024-10-28 13:26:19,752 INFO     ___FILE_ONLY___ ═
2024-10-28 13:26:19,757 INFO     ___FILE_ONLY___ ═
2024-10-28 13:26:19,760 INFO     ___FILE_ONLY___ ═
2024-10-28 13:26:19,762 INFO     ___FILE_ONLY___ ═
2024-10-28 13:26:19,764 INFO     ___FILE_ONLY___ ═
2024-10-28 13:26:19,767 INFO     ___FILE_ONLY___ ═
2024-10-28 13:26:19,769 INFO     ___FILE_ONLY___ ═
2024-10-28 13:26:19,771 INFO     ___FILE_ONLY___ ═
2024-10-28 13:26:19,774 INFO     ___FILE_ONLY___ ═
2024-10-28 13:26:19,776 INFO     ___FILE_ONLY___ ═
2024-10-28 13:26:19,778 INFO     ___FILE_ONLY___ ═
2024-10-28 13:26:19,781 INFO     ___FILE_ONLY___ ═
2024-10-28 13:26:19,783 INFO     ___FILE_ONLY___ ═
2024-10-28 13:26:19,786 INFO     ___FILE_ONLY___ ═
2024-10-28 13:26:19,787 INFO     ___FILE_ONLY___ ═
2024-10-28 13:26:19,789 INFO     ___FILE_ONLY___ ═
2024-10-28 13:26:19,792 INFO     ___FILE_ONLY___ ═
2024-10-28 13:26:19,794 INFO     ___FILE_ONLY___ ═
2024-10-28 13:26:19,797 INFO     ___FILE_ONLY___ ═
2024-10-28 13:26:19,797 INFO     ___FILE_ONLY___ ╝

2024-10-28 13:26:19,813 INFO     ___FILE_ONLY___ ╔════════════════════════════════════════════════════════════╗

2024-10-28 13:26:19,813 INFO     ___FILE_ONLY___ ╠═ Installing: BigQuery Command Line Tool (Platform Spec... ═╣

2024-10-28 13:26:19,813 INFO     ___FILE_ONLY___ ╚
2024-10-28 13:26:19,814 INFO     ___FILE_ONLY___ ════════════════════════════════════════════════════════════
2024-10-28 13:26:19,814 INFO     ___FILE_ONLY___ ╝

2024-10-28 13:26:19,822 INFO     ___FILE_ONLY___ ╔════════════════════════════════════════════════════════════╗

2024-10-28 13:26:19,822 INFO     ___FILE_ONLY___ ╠═ Installing: Bundled Python 3.11                          ═╣

2024-10-28 13:26:19,822 INFO     ___FILE_ONLY___ ╚
2024-10-28 13:26:19,827 INFO     ___FILE_ONLY___ ════════════════════════════════════════════════════════════
2024-10-28 13:26:19,827 INFO     ___FILE_ONLY___ ╝

2024-10-28 13:26:19,829 INFO     ___FILE_ONLY___ ╔════════════════════════════════════════════════════════════╗

2024-10-28 13:26:19,829 INFO     ___FILE_ONLY___ ╠═ Installing: Bundled Python 3.11 (Platform Specific)      ═╣

2024-10-28 13:26:19,830 INFO     ___FILE_ONLY___ ╚
2024-10-28 13:26:22,098 INFO     ___FILE_ONLY___ ═
2024-10-28 13:26:22,115 INFO     ___FILE_ONLY___ ═
2024-10-28 13:26:22,130 INFO     ___FILE_ONLY___ ═
2024-10-28 13:26:22,144 INFO     ___FILE_ONLY___ ═
2024-10-28 13:26:22,158 INFO     ___FILE_ONLY___ ═
2024-10-28 13:26:22,172 INFO     ___FILE_ONLY___ ═
2024-10-28 13:26:22,188 INFO     ___FILE_ONLY___ ═
2024-10-28 13:26:22,202 INFO     ___FILE_ONLY___ ═
2024-10-28 13:26:22,218 INFO     ___FILE_ONLY___ ═
2024-10-28 13:26:22,232 INFO     ___FILE_ONLY___ ═
2024-10-28 13:26:22,246 INFO     ___FILE_ONLY___ ═
2024-10-28 13:26:22,260 INFO     ___FILE_ONLY___ ═
2024-10-28 13:26:22,274 INFO     ___FILE_ONLY___ ═
2024-10-28 13:26:22,288 INFO     ___FILE_ONLY___ ═
2024-10-28 13:26:22,303 INFO     ___FILE_ONLY___ ═
2024-10-28 13:26:22,318 INFO     ___FILE_ONLY___ ═
2024-10-28 13:26:22,332 INFO     ___FILE_ONLY___ ═
2024-10-28 13:26:22,346 INFO     ___FILE_ONLY___ ═
2024-10-28 13:26:22,361 INFO     ___FILE_ONLY___ ═
2024-10-28 13:26:22,375 INFO     ___FILE_ONLY___ ═
2024-10-28 13:26:22,388 INFO     ___FILE_ONLY___ ═
2024-10-28 13:26:22,403 INFO     ___FILE_ONLY___ ═
2024-10-28 13:26:22,417 INFO     ___FILE_ONLY___ ═
2024-10-28 13:26:22,434 INFO     ___FILE_ONLY___ ═
2024-10-28 13:26:22,448 INFO     ___FILE_ONLY___ ═
2024-10-28 13:26:22,463 INFO     ___FILE_ONLY___ ═
2024-10-28 13:26:22,476 INFO     ___FILE_ONLY___ ═
2024-10-28 13:26:22,490 INFO     ___FILE_ONLY___ ═
2024-10-28 13:26:22,504 INFO     ___FILE_ONLY___ ═
2024-10-28 13:26:22,519 INFO     ___FILE_ONLY___ ═
2024-10-28 13:26:22,532 INFO     ___FILE_ONLY___ ═
2024-10-28 13:26:22,547 INFO     ___FILE_ONLY___ ═
2024-10-28 13:26:22,560 INFO     ___FILE_ONLY___ ═
2024-10-28 13:26:22,574 INFO     ___FILE_ONLY___ ═
2024-10-28 13:26:22,588 INFO     ___FILE_ONLY___ ═
2024-10-28 13:26:22,602 INFO     ___FILE_ONLY___ ═
2024-10-28 13:26:23,383 INFO     ___FILE_ONLY___ ═
2024-10-28 13:26:23,411 INFO     ___FILE_ONLY___ ═
2024-10-28 13:26:23,437 INFO     ___FILE_ONLY___ ═
2024-10-28 13:26:23,460 INFO     ___FILE_ONLY___ ═
2024-10-28 13:26:23,483 INFO     ___FILE_ONLY___ ═
2024-10-28 13:26:23,628 INFO     ___FILE_ONLY___ ═
2024-10-28 13:26:23,659 INFO     ___FILE_ONLY___ ═
2024-10-28 13:26:23,680 INFO     ___FILE_ONLY___ ═
2024-10-28 13:26:23,699 INFO     ___FILE_ONLY___ ═
2024-10-28 13:26:23,719 INFO     ___FILE_ONLY___ ═
2024-10-28 13:26:23,751 INFO     ___FILE_ONLY___ ═
2024-10-28 13:26:23,775 INFO     ___FILE_ONLY___ ═
2024-10-28 13:26:23,794 INFO     ___FILE_ONLY___ ═
2024-10-28 13:26:23,810 INFO     ___FILE_ONLY___ ═
2024-10-28 13:26:23,913 INFO     ___FILE_ONLY___ ═
2024-10-28 13:26:23,938 INFO     ___FILE_ONLY___ ═
2024-10-28 13:26:23,960 INFO     ___FILE_ONLY___ ═
2024-10-28 13:26:23,981 INFO     ___FILE_ONLY___ ═
2024-10-28 13:26:24,031 INFO     ___FILE_ONLY___ ═
2024-10-28 13:26:24,423 INFO     ___FILE_ONLY___ ═
2024-10-28 13:26:24,443 INFO     ___FILE_ONLY___ ═
2024-10-28 13:26:24,467 INFO     ___FILE_ONLY___ ═
2024-10-28 13:26:24,487 INFO     ___FILE_ONLY___ ═
2024-10-28 13:26:24,883 INFO     ___FILE_ONLY___ ═
2024-10-28 13:26:24,884 INFO     ___FILE_ONLY___ ╝

2024-10-28 13:26:25,000 INFO     ___FILE_ONLY___ ╔════════════════════════════════════════════════════════════╗

2024-10-28 13:26:25,000 INFO     ___FILE_ONLY___ ╠═ Installing: Cloud Storage Command Line Tool              ═╣

2024-10-28 13:26:25,001 INFO     ___FILE_ONLY___ ╚
2024-10-28 13:26:25,699 INFO     ___FILE_ONLY___ ═
2024-10-28 13:26:25,717 INFO     ___FILE_ONLY___ ═
2024-10-28 13:26:25,740 INFO     ___FILE_ONLY___ ═
2024-10-28 13:26:25,760 INFO     ___FILE_ONLY___ ═
2024-10-28 13:26:25,775 INFO     ___FILE_ONLY___ ═
2024-10-28 13:26:25,785 INFO     ___FILE_ONLY___ ═
2024-10-28 13:26:25,794 INFO     ___FILE_ONLY___ ═
2024-10-28 13:26:25,806 INFO     ___FILE_ONLY___ ═
2024-10-28 13:26:25,816 INFO     ___FILE_ONLY___ ═
2024-10-28 13:26:25,826 INFO     ___FILE_ONLY___ ═
2024-10-28 13:26:25,839 INFO     ___FILE_ONLY___ ═
2024-10-28 13:26:25,851 INFO     ___FILE_ONLY___ ═
2024-10-28 13:26:25,863 INFO     ___FILE_ONLY___ ═
2024-10-28 13:26:25,875 INFO     ___FILE_ONLY___ ═
2024-10-28 13:26:25,889 INFO     ___FILE_ONLY___ ═
2024-10-28 13:26:25,903 INFO     ___FILE_ONLY___ ═
2024-10-28 13:26:25,919 INFO     ___FILE_ONLY___ ═
2024-10-28 13:26:25,935 INFO     ___FILE_ONLY___ ═
2024-10-28 13:26:25,948 INFO     ___FILE_ONLY___ ═
2024-10-28 13:26:25,963 INFO     ___FILE_ONLY___ ═
2024-10-28 13:26:25,978 INFO     ___FILE_ONLY___ ═
2024-10-28 13:26:25,995 INFO     ___FILE_ONLY___ ═
2024-10-28 13:26:26,009 INFO     ___FILE_ONLY___ ═
2024-10-28 13:26:26,022 INFO     ___FILE_ONLY___ ═
2024-10-28 13:26:26,037 INFO     ___FILE_ONLY___ ═
2024-10-28 13:26:26,053 INFO     ___FILE_ONLY___ ═
2024-10-28 13:26:26,071 INFO     ___FILE_ONLY___ ═
2024-10-28 13:26:26,091 INFO     ___FILE_ONLY___ ═
2024-10-28 13:26:26,113 INFO     ___FILE_ONLY___ ═
2024-10-28 13:26:26,128 INFO     ___FILE_ONLY___ ═
2024-10-28 13:26:26,138 INFO     ___FILE_ONLY___ ═
2024-10-28 13:26:26,152 INFO     ___FILE_ONLY___ ═
2024-10-28 13:26:26,163 INFO     ___FILE_ONLY___ ═
2024-10-28 13:26:26,174 INFO     ___FILE_ONLY___ ═
2024-10-28 13:26:26,187 INFO     ___FILE_ONLY___ ═
2024-10-28 13:26:26,201 INFO     ___FILE_ONLY___ ═
2024-10-28 13:26:26,213 INFO     ___FILE_ONLY___ ═
2024-10-28 13:26:26,223 INFO     ___FILE_ONLY___ ═
2024-10-28 13:26:26,234 INFO     ___FILE_ONLY___ ═
2024-10-28 13:26:26,251 INFO     ___FILE_ONLY___ ═
2024-10-28 13:26:26,288 INFO     ___FILE_ONLY___ ═
2024-10-28 13:26:26,304 INFO     ___FILE_ONLY___ ═
2024-10-28 13:26:26,317 INFO     ___FILE_ONLY___ ═
2024-10-28 13:26:26,330 INFO     ___FILE_ONLY___ ═
2024-10-28 13:26:26,340 INFO     ___FILE_ONLY___ ═
2024-10-28 13:26:26,351 INFO     ___FILE_ONLY___ ═
2024-10-28 13:26:26,365 INFO     ___FILE_ONLY___ ═
2024-10-28 13:26:26,382 INFO     ___FILE_ONLY___ ═
2024-10-28 13:26:26,407 INFO     ___FILE_ONLY___ ═
2024-10-28 13:26:26,424 INFO     ___FILE_ONLY___ ═
2024-10-28 13:26:26,438 INFO     ___FILE_ONLY___ ═
2024-10-28 13:26:26,449 INFO     ___FILE_ONLY___ ═
2024-10-28 13:26:26,466 INFO     ___FILE_ONLY___ ═
2024-10-28 13:26:26,479 INFO     ___FILE_ONLY___ ═
2024-10-28 13:26:26,494 INFO     ___FILE_ONLY___ ═
2024-10-28 13:26:26,512 INFO     ___FILE_ONLY___ ═
2024-10-28 13:26:26,526 INFO     ___FILE_ONLY___ ═
2024-10-28 13:26:26,543 INFO     ___FILE_ONLY___ ═
2024-10-28 13:26:26,554 INFO     ___FILE_ONLY___ ═
2024-10-28 13:26:26,565 INFO     ___FILE_ONLY___ ═
2024-10-28 13:26:26,565 INFO     ___FILE_ONLY___ ╝

2024-10-28 13:26:26,645 INFO     ___FILE_ONLY___ ╔════════════════════════════════════════════════════════════╗

2024-10-28 13:26:26,645 INFO     ___FILE_ONLY___ ╠═ Installing: Cloud Storage Command Line Tool (Platform... ═╣

2024-10-28 13:26:26,645 INFO     ___FILE_ONLY___ ╚
2024-10-28 13:26:26,646 INFO     ___FILE_ONLY___ ════════════════════════════════════════════════════════════
2024-10-28 13:26:26,646 INFO     ___FILE_ONLY___ ╝

2024-10-28 13:26:26,654 INFO     ___FILE_ONLY___ ╔════════════════════════════════════════════════════════════╗

2024-10-28 13:26:26,654 INFO     ___FILE_ONLY___ ╠═ Installing: Default set of gcloud commands               ═╣

2024-10-28 13:26:26,654 INFO     ___FILE_ONLY___ ╚
2024-10-28 13:26:26,660 INFO     ___FILE_ONLY___ ════════════════════════════════════════════════════════════
2024-10-28 13:26:26,660 INFO     ___FILE_ONLY___ ╝

2024-10-28 13:26:26,662 INFO     ___FILE_ONLY___ ╔════════════════════════════════════════════════════════════╗

2024-10-28 13:26:26,662 INFO     ___FILE_ONLY___ ╠═ Installing: Google Cloud CLI Core Libraries (Platform... ═╣

2024-10-28 13:26:26,662 INFO     ___FILE_ONLY___ ╚
2024-10-28 13:26:26,663 INFO     ___FILE_ONLY___ ══════════════════════════════
2024-10-28 13:26:26,663 INFO     ___FILE_ONLY___ ══════════════════════════════
2024-10-28 13:26:26,663 INFO     ___FILE_ONLY___ ╝

2024-10-28 13:26:26,671 INFO     ___FILE_ONLY___ ╔════════════════════════════════════════════════════════════╗

2024-10-28 13:26:26,671 INFO     ___FILE_ONLY___ ╠═ Installing: Google Cloud CRC32C Hash Tool                ═╣

2024-10-28 13:26:26,671 INFO     ___FILE_ONLY___ ╚
2024-10-28 13:26:26,677 INFO     ___FILE_ONLY___ ════════════════════════════════════════════════════════════
2024-10-28 13:26:26,677 INFO     ___FILE_ONLY___ ╝

2024-10-28 13:26:26,679 INFO     ___FILE_ONLY___ ╔════════════════════════════════════════════════════════════╗

2024-10-28 13:26:26,679 INFO     ___FILE_ONLY___ ╠═ Installing: Google Cloud CRC32C Hash Tool (Platform S... ═╣

2024-10-28 13:26:26,679 INFO     ___FILE_ONLY___ ╚
2024-10-28 13:26:26,716 INFO     ___FILE_ONLY___ ══════════════════════════════
2024-10-28 13:26:26,716 INFO     ___FILE_ONLY___ ══════════════════════════════
2024-10-28 13:26:26,717 INFO     ___FILE_ONLY___ ╝

2024-10-28 13:26:26,725 INFO     ___FILE_ONLY___ ╔════════════════════════════════════════════════════════════╗

2024-10-28 13:26:26,725 INFO     ___FILE_ONLY___ ╠═ Installing: gcloud cli dependencies (Platform Specific)  ═╣

2024-10-28 13:26:26,725 INFO     ___FILE_ONLY___ ╚
2024-10-28 13:26:26,726 INFO     ___FILE_ONLY___ ════════════════════════════════════════════════════════════
2024-10-28 13:26:26,726 INFO     ___FILE_ONLY___ ╝

2024-10-28 13:26:26,735 DEBUG    root            Updating notification cache...
2024-10-28 13:26:26,736 INFO     ___FILE_ONLY___ 

2024-10-28 13:26:26,738 INFO     ___FILE_ONLY___ Performing post processing steps...
2024-10-28 13:26:26,738 DEBUG    root            Executing command: ['/tools/google-cloud-sdk/bin/gcloud', 'components', 'post-process']
2024-10-28 13:26:39,401 DEBUG    ___FILE_ONLY___ 
2024-10-28 13:26:39,401 DEBUG    ___FILE_ONLY___ 
2024-10-28 13:26:39,544 INFO     ___FILE_ONLY___ 
Update done!


2024-10-28 13:26:39,548 DEBUG    root            Chosen display Format:none
2024-10-28 13:26:39,548 INFO     root            Display format: "none"
